Arguments: 
  /opt/homebrew/Cellar/node/21.6.2_1/bin/node /Users/sanaynesargi/.yarn/bin/yarn.js init

PATH: 
  /Users/sanaynesargi/.rvm/gems/ruby-3.2.0/bin:/Users/sanaynesargi/.rvm/gems/ruby-3.2.0@global/bin:/Users/sanaynesargi/.rvm/rubies/ruby-3.2.0/bin:/Users/sanaynesargi/.yarn/bin:/Users/sanaynesargi/.config/yarn/global/node_modules/.bin:/Library/PostgreSQL/14/bin:/Users/sanaynesargi/flutter/bin:/Library/Frameworks/Python.framework/Versions/3.7/bin:/Library/Frameworks/Python.framework/Versions/3.10/bin:/opt/homebrew/bin:/opt/homebrew/sbin:/usr/local/bin:/usr/bin:/bin:/usr/sbin:/sbin:/usr/local/share/dotnet:~/.dotnet/tools:/Library/Apple/usr/bin:/Users/sanaynesargi/.rvm/gems/ruby-3.2.0/bin:/Users/sanaynesargi/.rvm/gems/ruby-3.2.0@global/bin:/Users/sanaynesargi/.rvm/rubies/ruby-3.2.0/bin:/Users/sanaynesargi/miniforge3/bin:/Users/sanaynesargi/miniforge3/condabin:/Users/sanaynesargi/.yarn/bin:/Users/sanaynesargi/.config/yarn/global/node_modules/.bin:/Library/PostgreSQL/14/bin:/Users/sanaynesargi/flutter/bin:/Library/Frameworks/Python.framework/Versions/3.7/bin:/Library/Frameworks/Python.framework/Versions/3.10/bin:/opt/homebrew/bin:/opt/homebrew/sbin:/opt/homebrew/opt/fzf/bin:/Users/sanaynesargi/.spicetify:/Users/sanaynesargi/.rvm/bin:/Users/sanaynesargi/.spicetify:/Users/sanaynesargi/.rvm/bin

Yarn version: 
  1.22.19

Node version: 
  21.6.2

Platform: 
  darwin arm64

Trace: 
  Error: canceled
      at Interface.<anonymous> (/Users/sanaynesargi/.yarn/lib/cli.js:137150:13)
      at Interface.emit (node:events:519:28)
      at [_ttyWrite] [as _ttyWrite] (node:internal/readline/interface:1125:18)
      at ReadStream.onkeypress (node:internal/readline/interface:264:20)
      at ReadStream.emit (node:events:519:28)
      at emitKeys (node:internal/readline/utils:371:14)
      at emitKeys.next (<anonymous>)
      at ReadStream.onData (node:internal/readline/emitKeypressEvents:64:36)
      at ReadStream.emit (node:events:519:28)
      at addChunk (node:internal/streams/readable:559:12)

npm manifest: 
  No manifest

yarn manifest: 
  No manifest

Lockfile: 
  No lockfile
